\BOOKMARK [1][-]{section.1}{Introduction}{}% 1
\BOOKMARK [1][-]{section.2}{GAP: Carat and CrystCat}{}% 2
\BOOKMARK [1][-]{section.3}{Basic Results}{}% 3
\BOOKMARK [1][-]{section.4}{Families of Rational Algebraic Tori}{}% 4
\BOOKMARK [1][-]{section.5}{Reduction Algorithms}{}% 5
\BOOKMARK [1][-]{section.6}{Rationality Problem for 5 Dimensional Indecomposable Stably Rational Algebraic Tori}{}% 6
\BOOKMARK [2][-]{subsection.6.1}{Case G1}{section.6}% 7
\BOOKMARK [2][-]{subsection.6.2}{Case G2}{section.6}% 8
\BOOKMARK [2][-]{subsection.6.3}{Case G3}{section.6}% 9
\BOOKMARK [2][-]{subsection.6.4}{Case G4}{section.6}% 10
\BOOKMARK [2][-]{subsection.6.5}{Case G5}{section.6}% 11
\BOOKMARK [2][-]{subsection.6.6}{Case G6}{section.6}% 12
\BOOKMARK [2][-]{subsection.6.7}{Case G7}{section.6}% 13
\BOOKMARK [2][-]{subsection.6.8}{Cases G8, G9 and G10}{section.6}% 14
\BOOKMARK [2][-]{subsection.6.9}{Case G11}{section.6}% 15
\BOOKMARK [2][-]{subsection.6.10}{Case G12}{section.6}% 16
\BOOKMARK [2][-]{subsection.6.11}{Case G13}{section.6}% 17
\BOOKMARK [2][-]{subsection.6.12}{Case G14}{section.6}% 18
\BOOKMARK [2][-]{subsection.6.13}{Case G15}{section.6}% 19
\BOOKMARK [2][-]{subsection.6.14}{Case G16.}{section.6}% 20
\BOOKMARK [2][-]{subsection.6.15}{Case G17}{section.6}% 21
\BOOKMARK [2][-]{subsection.6.16}{Case G18}{section.6}% 22
\BOOKMARK [2][-]{subsection.6.17}{Conclusion}{section.6}% 23
\BOOKMARK [1][-]{Appendix.a.A}{ \(5,6,3 \) }{}% 24
\BOOKMARK [1][-]{Appendix.a.B}{\(5,18,28\)}{}% 25
\BOOKMARK [1][-]{Appendix.a.C}{\(5,19,14\)}{}% 26
\BOOKMARK [1][-]{Appendix.a.D}{\(5,22,14\)}{}% 27
\BOOKMARK [1][-]{Appendix.a.E}{\(5,57,8\)}{}% 28
\BOOKMARK [1][-]{Appendix.a.F}{\(5,81,54\)}{}% 29
\BOOKMARK [1][-]{Appendix.a.G}{\(5,98,28\)}{}% 30
\BOOKMARK [1][-]{Appendix.a.H}{\(5,99,57\)}{}% 31
\BOOKMARK [1][-]{Appendix.a.I}{\(5,164,2\)}{}% 32
\BOOKMARK [1][-]{Appendix.a.J}{\(5,174,2\)}{}% 33
\BOOKMARK [1][-]{Appendix.a.K}{\(5,174,5\)}{}% 34
\BOOKMARK [1][-]{Appendix.a.L}{\(5,389,4\)}{}% 35
\BOOKMARK [1][-]{Appendix.a.M}{\(5,901,3\)}{}% 36
\BOOKMARK [1][-]{Appendix.a.N}{\(5,918,4\)}{}% 37
